<?xml version="1.0" encoding="UTF-8"?>
<testsuite xmlns:xsi="http://www.w3.org/2001/XMLSchema-instance" xsi:noNamespaceSchemaLocation="https://maven.apache.org/surefire/maven-surefire-plugin/xsd/surefire-test-report-3.0.xsd" version="3.0" name="com.udacity.security.service.SecurityServiceTest" time="0.428" tests="20" errors="0" skipped="0" failures="0">
  <properties>
[...]
</properties>
  <testcase name="handleSensorActivated_alarmArmedAndPendingAlarm_alarmStatusToAlarm(ArmingStatus)[1]" classname="com.udacity.security.service.SecurityServiceTest" time="0.28"/>
  <testcase name="handleSensorActivated_alarmArmedAndPendingAlarm_alarmStatusToAlarm(ArmingStatus)[2]" classname="com.udacity.security.service.SecurityServiceTest" time="0.002"/>
  <testcase name="setArmingStatus_armSystem_resetSensorsToInactive(ArmingStatus)[1]" classname="com.udacity.security.service.SecurityServiceTest" time="0.007"/>
  <testcase name="setArmingStatus_armSystem_resetSensorsToInactive(ArmingStatus)[2]" classname="com.udacity.security.service.SecurityServiceTest" time="0.002"/>
  <testcase name="handleSensorActivated_alarmArmed_pendingAlarm(ArmingStatus)[1]" classname="com.udacity.security.service.SecurityServiceTest" time="0.002"/>
  <testcase name="handleSensorActivated_alarmArmed_pendingAlarm(ArmingStatus)[2]" classname="com.udacity.security.service.SecurityServiceTest" time="0.002"/>
  <testcase name="activatedSensor_sensorActiveAndPendingSystem_changeToAlarmState" classname="com.udacity.security.service.SecurityServiceTest" time="0.001"/>
  <testcase name="handleSensorDeactivated_pendingAlarmAndSensorsInactive_returnToNoAlarm" classname="com.udacity.security.service.SecurityServiceTest" time="0.001"/>
  <testcase name="catNotDetected_sensorsInactive_changeToNoAlarm" classname="com.udacity.security.service.SecurityServiceTest" time="0.052"/>
  <testcase name="alarmActiveAndSystemDisarmed_changeToPending" classname="com.udacity.security.service.SecurityServiceTest" time="0.001"/>
  <testcase name="setArmingStatus_disarmSystem_changeToNoAlarm" classname="com.udacity.security.service.SecurityServiceTest" time="0"/>
  <testcase name="deactivateSensor_sensorInactive_notAffectAlarmState(AlarmStatus)[1]" classname="com.udacity.security.service.SecurityServiceTest" time="0.001"/>
  <testcase name="deactivateSensor_sensorInactive_notAffectAlarmState(AlarmStatus)[2]" classname="com.udacity.security.service.SecurityServiceTest" time="0.001"/>
  <testcase name="deactivateSensor_sensorInactive_notAffectAlarmState(AlarmStatus)[3]" classname="com.udacity.security.service.SecurityServiceTest" time="0.001"/>
  <testcase name="catDetected_armedHomeSystem_changeToAlarmStatus" classname="com.udacity.security.service.SecurityServiceTest" time="0.001"/>
  <testcase name="changeSensorStatus_alarmActive_notAffectAlarmState(boolean)[1]" classname="com.udacity.security.service.SecurityServiceTest" time="0.001"/>
  <testcase name="changeSensorStatus_alarmActive_notAffectAlarmState(boolean)[2]" classname="com.udacity.security.service.SecurityServiceTest" time="0.002"/>
  <testcase name="handleSensorDeactivated_sensorActiveAndSystemPending_returnToNoAlarm" classname="com.udacity.security.service.SecurityServiceTest" time="0.001"/>
  <testcase name="armedHomeSystem_cameraShowsCat_changeToAlarmStatus(ArmingStatus)[1]" classname="com.udacity.security.service.SecurityServiceTest" time="0.001"/>
  <testcase name="armedHomeSystem_cameraShowsCat_changeToAlarmStatus(ArmingStatus)[2]" classname="com.udacity.security.service.SecurityServiceTest" time="0.001"/>
</testsuite>